生成启动时间为 2018/11/8 21:47:11。
     1>项目“D:\VS代码\day14\day14\day14.vcxproj”在节点 2 上(Build 个目标)。
     1>ClCompile:
         D:\VS\VC\bin\CL.exe /c /ZI /nologo /W3 /WX- /sdl /Od /Oy- /D _MBCS /Gm /EHsc /RTC1 /MDd /GS /fp:precise /Zc:wchar_t /Zc:forScope /Fo"Debug\\" /Fd"Debug\vc120.pdb" /Gd /TC /analyze- /errorReport:prompt test.c
         test.c
     1>d:\vs代码\day14\day14\test.c(62): warning C4047: “初始化”:“char”与“char [6]”的间接级别不同
     1>d:\vs代码\day14\day14\test.c(63): warning C4047: “初始化”:“char”与“char [6]”的间接级别不同
     1>d:\vs代码\day14\day14\test.c(64): warning C4047: “初始化”:“char”与“char [6]”的间接级别不同
     1>d:\vs代码\day14\day14\test.c(68): warning C4047: “函数”:“const char *”与“char”的间接级别不同
     1>d:\vs代码\day14\day14\test.c(68): warning C4024: “strlen”: 形参和实参 1 的类型不同
     1>d:\vs代码\day14\day14\test.c(69): warning C4047: “函数”:“char *”与“char”的间接级别不同
     1>d:\vs代码\day14\day14\test.c(69): warning C4024: “left_reverse”: 形参和实参 1 的类型不同
     1>d:\vs代码\day14\day14\test.c(69): warning C4047: “函数”:“const char *”与“char”的间接级别不同
     1>d:\vs代码\day14\day14\test.c(69): warning C4024: “strcmp”: 形参和实参 1 的类型不同
     1>d:\vs代码\day14\day14\test.c(69): warning C4024: “strcmp”: 形参和实参 2 的类型不同
     1>d:\vs代码\day14\day14\test.c(69): warning C4024: “right_reverse”: 形参和实参 1 的类型不同
     1>d:\vs代码\day14\day14\test.c(73): warning C4013: “system”未定义；假设外部返回 int
     1>d:\vs代码\day14\day14\test.c(58): warning C4716: “right_reverse”: 必须返回一个值
     1>d:\vs代码\day14\day14\test.c(46): warning C4716: “left_reverse”: 必须返回一个值
       Link:
         D:\VS\VC\bin\link.exe /ERRORREPORT:PROMPT /OUT:"D:\VS代码\day14\Debug\day14.exe" /INCREMENTAL /NOLOGO kernel32.lib user32.lib gdi32.lib winspool.lib comdlg32.lib advapi32.lib shell32.lib ole32.lib oleaut32.lib uuid.lib odbc32.lib odbccp32.lib /MANIFEST /MANIFESTUAC:"level='asInvoker' uiAccess='false'" /manifest:embed /DEBUG /PDB:"D:\VS代码\day14\Debug\day14.pdb" /TLBID:1 /DYNAMICBASE /NXCOMPAT /IMPLIB:"D:\VS代码\day14\Debug\day14.lib" /MACHINE:X86 Debug\test.obj
         day14.vcxproj -> D:\VS代码\day14\Debug\day14.exe
     1>已完成生成项目“D:\VS代码\day14\day14\day14.vcxproj”(Build 个目标)的操作。

生成成功。

已用时间 00:00:00.96
